<?xml version="1.0" encoding="UTF-8" ?>
<testsuites>
  <testsuite errors="0" failures="0" hostname="DanielWang-Laptop" id="0" name="CatalogTest" package="simpledb" skipped="0" tests="5" time="0.076" timestamp="2022-02-13T05:58:49">
      <properties>
[...]
</properties>

      <testcase classname="simpledb.CatalogTest" name="getTupleDesc" time="0.007" />

      <testcase classname="simpledb.CatalogTest" name="getTableId" time="0.0" />

      <testcase classname="simpledb.CatalogTest" name="handleDuplicateIds" time="0.001" />

      <testcase classname="simpledb.CatalogTest" name="getDatabaseFile" time="0.001" />

      <testcase classname="simpledb.CatalogTest" name="handleDuplicateNames" time="0.0" />

      <system-out><![CDATA[]]></system-out>

      <system-err><![CDATA[]]></system-err>

  </testsuite>
  <testsuite errors="0" failures="0" hostname="DanielWang-Laptop" id="1" name="HeapFileReadTest" package="simpledb" skipped="0" tests="6" time="0.175" timestamp="2022-02-13T05:58:50">
      <properties>
[...]
</properties>

      <testcase classname="simpledb.HeapFileReadTest" name="getTupleDesc" time="0.049" />

      <testcase classname="simpledb.HeapFileReadTest" name="numPages" time="0.003" />

      <testcase classname="simpledb.HeapFileReadTest" name="readPage" time="0.017" />

      <testcase classname="simpledb.HeapFileReadTest" name="getId" time="0.005" />

      <testcase classname="simpledb.HeapFileReadTest" name="testIteratorBasic" time="0.016" />

      <testcase classname="simpledb.HeapFileReadTest" name="testIteratorClose" time="0.017" />

      <system-out><![CDATA[-2018919754
0
309684826
0
1014696139
0
]]></system-out>

      <system-err><![CDATA[]]></system-err>

  </testsuite>
  <testsuite errors="0" failures="0" hostname="DanielWang-Laptop" id="2" name="HeapPageIdTest" package="simpledb" skipped="0" tests="4" time="0.105" timestamp="2022-02-13T05:58:50">
      <properties>
[...]
</properties>

      <testcase classname="simpledb.HeapPageIdTest" name="equals" time="0.007" />

      <testcase classname="simpledb.HeapPageIdTest" name="pageno" time="0.0" />

      <testcase classname="simpledb.HeapPageIdTest" name="getTableId" time="0.0" />

      <testcase classname="simpledb.HeapPageIdTest" name="testHashCode" time="0.001" />

      <system-out><![CDATA[]]></system-out>

      <system-err><![CDATA[]]></system-err>

  </testsuite>
  <testsuite errors="0" failures="0" hostname="DanielWang-Laptop" id="3" name="HeapPageReadTest" package="simpledb" skipped="0" tests="4" time="0.075" timestamp="2022-02-13T05:58:51">
      <properties>
[...]
</properties>

      <testcase classname="simpledb.HeapPageReadTest" name="getSlot" time="0.011" />

      <testcase classname="simpledb.HeapPageReadTest" name="getId" time="0.001" />

      <testcase classname="simpledb.HeapPageReadTest" name="getNumEmptySlots" time="0.001" />

      <testcase classname="simpledb.HeapPageReadTest" name="testIterator" time="0.001" />

      <system-out><![CDATA[]]></system-out>

      <system-err><![CDATA[]]></system-err>

  </testsuite>
  <testsuite errors="0" failures="0" hostname="DanielWang-Laptop" id="4" name="RecordIdTest" package="simpledb" skipped="0" tests="4" time="0.072" timestamp="2022-02-13T05:58:51">
      <properties>
[...]
</properties>

      <testcase classname="simpledb.RecordIdTest" name="equals" time="0.006" />

      <testcase classname="simpledb.RecordIdTest" name="tupleno" time="0.0" />

      <testcase classname="simpledb.RecordIdTest" name="hCode" time="0.0" />

      <testcase classname="simpledb.RecordIdTest" name="getPageId" time="0.001" />

      <system-out><![CDATA[]]></system-out>

      <system-err><![CDATA[]]></system-err>

  </testsuite>
  <testsuite errors="0" failures="0" hostname="DanielWang-Laptop" id="5" name="TupleDescTest" package="simpledb" skipped="0" tests="6" time="0.1" timestamp="2022-02-13T05:58:51">
      <properties>
[...]
</properties>

      <testcase classname="simpledb.TupleDescTest" name="getSize" time="0.008" />

      <testcase classname="simpledb.TupleDescTest" name="getType" time="0.001" />

      <testcase classname="simpledb.TupleDescTest" name="numFields" time="0.0" />

      <testcase classname="simpledb.TupleDescTest" name="combine" time="0.004" />

      <testcase classname="simpledb.TupleDescTest" name="testEquals" time="0.0" />

      <testcase classname="simpledb.TupleDescTest" name="nameToId" time="0.011" />

      <system-out><![CDATA[]]></system-out>

      <system-err><![CDATA[]]></system-err>

  </testsuite>
  <testsuite errors="0" failures="0" hostname="DanielWang-Laptop" id="6" name="TupleTest" package="simpledb" skipped="0" tests="3" time="0.078" timestamp="2022-02-13T05:58:52">
      <properties>
[...]
</properties>

      <testcase classname="simpledb.TupleTest" name="getTupleDesc" time="0.008" />

      <testcase classname="simpledb.TupleTest" name="modifyRecordId" time="0.001" />

      <testcase classname="simpledb.TupleTest" name="modifyFields" time="0.001" />

      <system-out><![CDATA[]]></system-out>

      <system-err><![CDATA[]]></system-err>

  </testsuite>
  <testsuite errors="0" failures="0" hostname="DanielWang-Laptop" id="7" name="ScanTest" package="simpledb.systemtest" skipped="0" tests="4" time="2.193" timestamp="2022-02-13T05:58:52">
      <properties>
[...]
</properties>

      <testcase classname="simpledb.systemtest.ScanTest" name="testTupleDesc" time="0.059" />

      <testcase classname="simpledb.systemtest.ScanTest" name="testCache" time="0.472" />

      <testcase classname="simpledb.systemtest.ScanTest" name="testSmall" time="1.582" />

      <testcase classname="simpledb.systemtest.ScanTest" name="testRewind" time="0.013" />

      <system-out><![CDATA[722662196
0
722662196
1
722662196
2
722662196
3
722662196
4
722662196
5
722662196
6
722662196
7
722662196
8
722662196
9
722662196
10
722662196
11
722662196
12
722662196
13
722662196
14
722662196
15
722662196
16
722662196
17
722662196
18
722662196
19
722662196
20
722662196
21
722662196
22
722662196
23
722662196
24
722662196
25
722662196
26
722662196
27
722662196
28
722662196
29
-412809073
0
909484444
0
2120745890
0
-1367251424
0
868499179
0
673475274
0
-1447833018
0
-1447833018
1
1080462242
0
1080462242
1
1305141096
0
1305141096
1
-834902516
0
-834902516
1
-834902516
2
-834902516
3
-834902516
4
-834902516
5
-2022372401
0
-881532873
0
-381531674
0
1409218345
0
1409218345
1
814709799
0
814709799
1
1341197164
0
1341197164
1
-975112819
0
-975112819
1
-975112819
2
-706618370
0
-706618370
1
-706618370
2
-607873371
0
-607873371
1
-607873371
2
709880214
0
709880214
1
709880214
2
709880214
3
709880214
4
709880214
5
709880214
6
709880214
7
709880214
8
709880214
9
709880214
10
2110604642
0
-149298225
0
-101839609
0
-808695639
0
-808695639
1
291383323
0
291383323
1
718794633
0
718794633
1
-1908239526
0
-1908239526
1
-1908239526
2
-1908239526
3
-1185521419
0
-1185521419
1
-1185521419
2
-1185521419
3
1598183101
0
1598183101
1
1598183101
2
1598183101
3
-1922375947
0
-1922375947
1
-1922375947
2
-1922375947
3
-1922375947
4
-1922375947
5
-1922375947
6
-1922375947
7
-1922375947
8
-1922375947
9
-1922375947
10
-1922375947
11
-1922375947
12
-1922375947
13
-1922375947
14
-1922375947
15
-1922375947
16
1712066424
0
-2049877370
0
1349383889
0
-1488509058
0
-1488509058
1
-1488509058
2
340774114
0
340774114
1
340774114
2
1629208627
0
1629208627
1
1629208627
2
473599252
0
473599252
1
473599252
2
473599252
3
473599252
4
1032712867
0
1032712867
1
1032712867
2
1032712867
3
1032712867
4
1634370451
0
1634370451
1
1634370451
2
1634370451
3
1634370451
4
-170775833
0
-170775833
1
-170775833
2
-170775833
3
-170775833
4
-170775833
5
-170775833
6
-170775833
7
-170775833
8
-170775833
9
-170775833
10
-170775833
11
-170775833
12
-170775833
13
-170775833
14
-170775833
15
-170775833
16
-170775833
17
-170775833
18
-170775833
19
-170775833
20
-170775833
21
515497662
0
]]></system-out>

      <system-err><![CDATA[]]></system-err>

  </testsuite>
</testsuites>
