<?xml version="1.0" encoding="UTF-8" ?>
<testsuite errors="0" failures="0" hostname="DanielWang-Laptop" name="simpledb.HeapFileReadTest" skipped="0" tests="6" time="0.175" timestamp="2022-02-13T05:58:50">
  <properties>
[...]
</properties>
  <testcase classname="simpledb.HeapFileReadTest" name="getTupleDesc" time="0.049" />
  <testcase classname="simpledb.HeapFileReadTest" name="numPages" time="0.003" />
  <testcase classname="simpledb.HeapFileReadTest" name="readPage" time="0.017" />
  <testcase classname="simpledb.HeapFileReadTest" name="getId" time="0.005" />
  <testcase classname="simpledb.HeapFileReadTest" name="testIteratorBasic" time="0.016" />
  <testcase classname="simpledb.HeapFileReadTest" name="testIteratorClose" time="0.017" />
  <system-out><![CDATA[-2018919754
0
309684826
0
1014696139
0
]]></system-out>
  <system-err><![CDATA[]]></system-err>
</testsuite>
